********************************************************************************
DUPLICATOR-LITE PACKAGE-LOG: June 12, 2022 3:56 pm
NOTICE: Do NOT post to public sites or forums 
********************************************************************************
VERSION:	1.4.6
WORDPRESS:	6.0
PHP INFO:	8.1.6 | SAPI: apache2handler
SERVER:		Apache/2.4.53 (Win64) OpenSSL/1.1.1n PHP/8.1.6 
PHP TIME LIMIT: (0) no time limit imposed 
PHP MAX MEMORY: 4294967296 (512M default) 
MEMORY STACK: 32MB

********************************************************************************
DATABASE:
********************************************************************************
BUILD MODE:   MYSQLDUMP
MYSQLTIMEOUT: 5000
MYSQLDUMP:    Is Supported
SQL CREATED: IE2023_2465077e0ad20ddb2439_20220612155526_database.sql
SQL FILE SIZE: 1.01MB (1059002)
SQL FILE TIME: 2022-06-12 15:56:26
SQL RUNTIME: 0.59 sec.

********************************************************************************
ARCHIVE (ZIP):
********************************************************************************
ARCHIVE DIR:  C:/xampp/htdocs/wordpress
ARCHIVE FILE: IE2023_2465077e0ad20ddb2439_20220612155526_archive.zip
FILTERS: *OFF*
DIRS:
	not set
FILES:
	not set
EXTS:  not set
----------------------------------------
COMPRESSING
SIZE:	63.49MB
STATS:	Dirs 395 | Files 3,211
SQL ADDED: IE2023_2465077e0ad20ddb2439_20220612155526_database.sql
ZipArchive Object
(
    [lastId] => 3605
    [status] => 0
    [statusSys] => 0
    [numFiles] => 3606
    [filename] => C:\xampp\htdocs\wordpress\wp-content\backups-dup-lite\tmp\IE2023_2465077e0ad20ddb2439_20220612155526_archive.zip
    [comment] => 
)

FILE ADDED TO ZIP: 3605
COMPRESSION RESULT: '1'
COMPRESSED SIZE: 23.71MB
ARCHIVE RUNTIME: 5.90 sec.
MEMORY STACK: 32MB
building installer
add_extra_files1
add_extra_files2
add_extra_files3
add_extra_files4
Doing archive file check
add_extra_files5
add_extra_files6
add_extra_files8
Successfully opened zip C:/xampp/htdocs/wordpress/wp-content/backups-dup-lite/tmp/IE2023_2465077e0ad20ddb2439_20220612155526_archive.zip
Adding enhanced installer files to archive using ZipArchive
Installer files added to archive
Added to archive
After ziparchive close when adding installer

********************************************************************************
INTEGRITY CHECKS:
********************************************************************************
SQL FILE: 1.01MB
INSTALLER FILE: 64.58KB
ARCHIVE FILE: 24.72MB 
EXPECTED FILE/DIRECTORY COUNT: 3,606
ACTUAL FILE/DIRECTORY COUNT: 3,605
ARCHIVE CONSISTENCY TEST: Pass

********************************************************************************
RECORD ID:[1]
TOTAL PROCESS RUNTIME: 7.28 sec.
PEAK PHP MEMORY USED: 34MB
DONE PROCESSING => IE2023 June 12, 2022 3:56 pm

